<?xml version="1.0" encoding="UTF-8"?>
<testsuite name="com.example.ApiRestConPaginacion.ApiRestConPagiApplicationTests" tests="1" skipped="0" failures="0" errors="0" timestamp="2023-10-11T21:44:24" hostname="MAR" time="0.485">
  <properties/>
  <testcase name="contextLoads()" classname="com.example.ApiRestConPaginacion.ApiRestConPagiApplicationTests" time="0.485"/>
  <system-out><![CDATA[18:44:18.442 [Test worker] INFO org.springframework.test.context.support.AnnotationConfigContextLoaderUtils -- Could not detect default configuration classes for test class [com.example.ApiRestConPaginacion.ApiRestConPagiApplicationTests]: ApiRestConPagiApplicationTests does not declare any static, non-private, non-final, nested classes annotated with @Configuration.
18:44:18.575 [Test worker] INFO org.springframework.boot.test.context.SpringBootTestContextBootstrapper -- Found @SpringBootConfiguration com.example.ApiRestConPaginacion.ApiRestConPaginacionApplication for test class com.example.ApiRestConPaginacion.ApiRestConPagiApplicationTests

  .   ____          _            __ _ _
 /\\ / ___'_ __ _ _(_)_ __  __ _ \ \ \ \
( ( )\___ | '_ | '_| | '_ \/ _` | \ \ \ \
 \\/  ___)| |_)| | | | | || (_| |  ) ) ) )
  '  |____| .__|_| |_|_| |_\__, | / / / /
 =========|_|==============|___/=/_/_/_/
 :: Spring Boot ::                (v3.1.4)

2023-10-11T18:44:19.114-03:00  INFO 16132 --- [    Test worker] c.e.A.ApiRestConPagiApplicationTests     : Starting ApiRestConPagiApplicationTests using Java 17.0.8.1 with PID 16132 (started by marti in C:\Users\marti\Desktop\ESCUELA\uni\3ER AÑO\Desarrollo SW\JPA\ApiRestConPaginacion)
2023-10-11T18:44:19.115-03:00  INFO 16132 --- [    Test worker] c.e.A.ApiRestConPagiApplicationTests     : No active profile set, falling back to 1 default profile: "default"
2023-10-11T18:44:19.937-03:00  INFO 16132 --- [    Test worker] .s.d.r.c.RepositoryConfigurationDelegate : Bootstrapping Spring Data JPA repositories in DEFAULT mode.
2023-10-11T18:44:20.047-03:00  INFO 16132 --- [    Test worker] .s.d.r.c.RepositoryConfigurationDelegate : Finished Spring Data repository scanning in 97 ms. Found 5 JPA repository interfaces.
2023-10-11T18:44:20.668-03:00  INFO 16132 --- [    Test worker] o.hibernate.jpa.internal.util.LogHelper  : HHH000204: Processing PersistenceUnitInfo [name: default]
2023-10-11T18:44:20.783-03:00  INFO 16132 --- [    Test worker] org.hibernate.Version                    : HHH000412: Hibernate ORM core version 6.2.9.Final
2023-10-11T18:44:20.787-03:00  INFO 16132 --- [    Test worker] org.hibernate.cfg.Environment            : HHH000406: Using bytecode reflection optimizer
2023-10-11T18:44:20.984-03:00  INFO 16132 --- [    Test worker] o.h.b.i.BytecodeProviderInitiator        : HHH000021: Bytecode provider name : bytebuddy
2023-10-11T18:44:21.164-03:00  INFO 16132 --- [    Test worker] o.s.o.j.p.SpringPersistenceUnitInfo      : No LoadTimeWeaver setup: ignoring JPA class transformer
2023-10-11T18:44:21.188-03:00  INFO 16132 --- [    Test worker] com.zaxxer.hikari.HikariDataSource       : HikariPool-1 - Starting...
2023-10-11T18:44:21.402-03:00  INFO 16132 --- [    Test worker] com.zaxxer.hikari.pool.HikariPool        : HikariPool-1 - Added connection conn0: url=jdbc:h2:mem:./betodb user=SA
2023-10-11T18:44:21.404-03:00  INFO 16132 --- [    Test worker] com.zaxxer.hikari.HikariDataSource       : HikariPool-1 - Start completed.
2023-10-11T18:44:21.763-03:00  INFO 16132 --- [    Test worker] o.h.b.i.BytecodeProviderInitiator        : HHH000021: Bytecode provider name : bytebuddy
2023-10-11T18:44:22.509-03:00  INFO 16132 --- [    Test worker] o.h.e.t.j.p.i.JtaPlatformInitiator       : HHH000490: Using JtaPlatform implementation: [org.hibernate.engine.transaction.jta.platform.internal.NoJtaPlatform]
Hibernate: create table autor (id bigint generated by default as identity, apellido varchar(255), biografia varchar(255), nombre varchar(255), primary key (id))
Hibernate: create table domicilio (id bigint generated by default as identity, calle varchar(255), numero integer not null, localidad_id bigint, primary key (id))
Hibernate: create table libro (id bigint generated by default as identity, fecha integer not null, genero varchar(255), paginas integer not null, titulo varchar(255), primary key (id))
Hibernate: create table libro_autor (libro_id bigint not null, autor_id bigint not null)
Hibernate: create table localidad (id bigint generated by default as identity, denominacion varchar(255), primary key (id))
Hibernate: create table persona (id bigint generated by default as identity, apellido varchar(255), dni integer not null, nombre varchar(255), domicilio_id bigint, primary key (id))
Hibernate: create table persona_libro_list (persona_id bigint not null, libro_list_id bigint not null)
Hibernate: alter table if exists persona drop constraint if exists UK_k2cp7qbfi780x0x5x0y42pnj6
Hibernate: alter table if exists persona add constraint UK_k2cp7qbfi780x0x5x0y42pnj6 unique (domicilio_id)
Hibernate: alter table if exists persona_libro_list drop constraint if exists UK_b0tmsdcftwb40j5limkhmokpg
Hibernate: alter table if exists persona_libro_list add constraint UK_b0tmsdcftwb40j5limkhmokpg unique (libro_list_id)
Hibernate: alter table if exists domicilio add constraint FK8t63gx4v022qapv45vdwld71j foreign key (localidad_id) references localidad
Hibernate: alter table if exists libro_autor add constraint FKjf2fhkw7ta2mvhhiugwd6k2tn foreign key (autor_id) references autor
Hibernate: alter table if exists libro_autor add constraint FKk7238iexfym9eoh3s1uof6a1s foreign key (libro_id) references libro
Hibernate: alter table if exists persona add constraint FKn3vkpx4b7w8srg10ohh1upive foreign key (domicilio_id) references domicilio
Hibernate: alter table if exists persona_libro_list add constraint FK37lyp4u9ei7xg0dt8ii18okvi foreign key (libro_list_id) references libro
Hibernate: alter table if exists persona_libro_list add constraint FK9wnyfqomefewehocc9ti33s2u foreign key (persona_id) references persona
2023-10-11T18:44:22.604-03:00  INFO 16132 --- [    Test worker] j.LocalContainerEntityManagerFactoryBean : Initialized JPA EntityManagerFactory for persistence unit 'default'
2023-10-11T18:44:23.189-03:00  INFO 16132 --- [    Test worker] o.s.d.j.r.query.QueryEnhancerFactory     : Hibernate is in classpath; If applicable, HQL parser will be used.
2023-10-11T18:44:23.924-03:00  WARN 16132 --- [    Test worker] JpaBaseConfiguration$JpaWebConfiguration : spring.jpa.open-in-view is enabled by default. Therefore, database queries may be performed during view rendering. Explicitly configure spring.jpa.open-in-view to disable this warning
2023-10-11T18:44:24.389-03:00  INFO 16132 --- [    Test worker] o.s.b.a.h2.H2ConsoleAutoConfiguration    : H2 console available at '/h2-console'. Database available at 'jdbc:h2:mem:./betodb'
2023-10-11T18:44:24.465-03:00  INFO 16132 --- [    Test worker] c.e.A.ApiRestConPagiApplicationTests     : Started ApiRestConPagiApplicationTests in 5.642 seconds (process running for 7.168)
]]></system-out>
  <system-err><![CDATA[]]></system-err>
</testsuite>
